37dc start_logger              154 ---- 2022/07/05 21:42:52.472 -------------------------------------------------
37dc start_logger              160 Host process is 'cmd.exe' (pid 14300)
37dc start_logger              164 DLL path is 'N:\git-repos\cmder\vendor\clink'
37dc start_logger              178 Windows version 10.0.19043 (x64)
37dc start_logger              181 Clink version 1.2.46.69fc92 (x64)
37dc hook_setter::hook_setter  156 >>> Started hook transaction.
37dc hook_setter::attach_iat   313 Attempting to hook SetEnvironmentVariableW in IAT for module 00007FF7A0190000.
37dc pe_info::iterate_imports  160 Found import in 'api-ms-win-core-processenvironment-l1-1-0.dll'
37dc find_iat                  121 Found import at 00007FF7A01C3860 (value is 00007FF9B36DC540).
37dc hook_setter::attach_iat   313 Attempting to hook WriteConsoleW in IAT for module 00007FF7A0190000.
37dc pe_info::iterate_imports  160 Found import in 'api-ms-win-core-console-l1-1-0.dll'
37dc find_iat                  121 Found import at 00007FF7A01C34F8 (value is 00007FF9B3681630).
37dc hook_setter::attach_iat   313 Attempting to hook GetEnvironmentVariableW in IAT for module 00007FF7A0190000.
37dc pe_info::iterate_imports  160 Found import in 'api-ms-win-core-processenvironment-l1-1-0.dll'
37dc find_iat                  121 Found import at 00007FF7A01C3880 (value is 00007FF9B369ABD0).
37dc hook_setter::commit       204 <<< Hook transaction committed.
37dc hook_setter::hook_setter  156 >>> Started hook transaction.
37dc hook_setter::detach_iat   356 Attempting to unhook 00007FF97ECEADF0 from GetEnvironmentVariableW in IAT for module 00007FF7A0190000.
37dc pe_info::iterate_imports  160 Found import in 'api-ms-win-core-processenvironment-l1-1-0.dll'
37dc find_iat                  121 Found import at 00007FF7A01C3880 (value is 00007FF97ECEADF0).
37dc hook_setter::commit       204 <<< Hook transaction committed.
37dc hook_setter::hook_setter  156 >>> Started hook transaction.
37dc hook_setter::attach_iat   313 Attempting to hook ReadConsoleW in IAT for module 00007FF7A0190000.
37dc pe_info::iterate_imports  160 Found import in 'api-ms-win-core-console-l1-1-0.dll'
37dc find_iat                  121 Found import at 00007FF7A01C34E0 (value is 00007FF9B3772BB0).
37dc hook_setter::commit       204 <<< Hook transaction committed.
